Build started 2017-02-27 11:59:20.
     1>Project "C:\PPW_lab1\PPWP\build\RUN_TESTS.vcxproj" on node 2 (build target(s)).
     1>InitializeBuildStatus:
         Creating "Win32\Debug\RUN_TESTS\RUN_TESTS.unsuccessfulbuild" because "AlwaysCreate" was specified.
       PostBuildEvent:
         setlocal
         "C:\Program Files (x86)\CMake\bin\ctest.exe" --force-new-ctest-process -C Debug
         if %errorlevel% neq 0 goto :cmEnd
         :cmEnd
         endlocal & call :cmErrorLevel %errorlevel% & goto :cmDone
         :cmErrorLevel
         exit /b %1
         :cmDone
         if %errorlevel% neq 0 goto :VCEnd
         :VCEnd
         Test project C:/PPW_lab1/PPWP/build
             Start 1: LaborkaPodstawowyTest
         1/3 Test #1: LaborkaPodstawowyTest ............   Passed    0.05 sec
             Start 2: LaborkaWynikSin45
         2/3 Test #2: LaborkaWynikSin45 ................   Passed    0.01 sec
             Start 3: Laborka3sek
         3/3 Test #3: Laborka3sek ......................   Passed    0.01 sec
         
         100% tests passed, 0 tests failed out of 3
         
         Total Test time (real) =   0.07 sec
       FinalizeBuildStatus:
         Deleting file "Win32\Debug\RUN_TESTS\RUN_TESTS.unsuccessfulbuild".
         Touching "Win32\Debug\RUN_TESTS\RUN_TESTS.lastbuildstate".
     1>Done Building Project "C:\PPW_lab1\PPWP\build\RUN_TESTS.vcxproj" (build target(s)).

Build succeeded.

Time Elapsed 00:00:00.25
